{"/Users/apaa/Documents/Code/preact/my-project/src/components/header/index.js": {"path":"/Users/apaa/Documents/Code/preact/my-project/src/components/header/index.js","statementMap":{"0":{"start":{"line":5,"column":15},"end":{"line":15,"column":1}},"1":{"start":{"line":6,"column":1},"end":{"line":14,"column":10}}},"fnMap":{"0":{"name":"(anonymous_0)","decl":{"start":{"line":5,"column":15},"end":{"line":5,"column":16}},"loc":{"start":{"line":6,"column":1},"end":{"line":14,"column":10}},"line":6}},"branchMap":{},"s":{"0":1,"1":1},"f":{"0":1},"b":{},"_coverageSchema":"332fd63041d2c1bcb487cc26dd0d5f7d97098a6c","hash":"24f84d8117b4785a64dffedbf9af5878eaf258d0"}
,"/Users/apaa/Documents/Code/preact/my-project/src/routes/flowers/flower.js": {"path":"/Users/apaa/Documents/Code/preact/my-project/src/routes/flowers/flower.js","statementMap":{"0":{"start":{"line":12,"column":2},"end":{"line":12,"column":52}},"1":{"start":{"line":16,"column":2},"end":{"line":16,"column":47}},"2":{"start":{"line":20,"column":2},"end":{"line":20,"column":44}},"3":{"start":{"line":24,"column":2},"end":{"line":26,"column":3}},"4":{"start":{"line":25,"column":3},"end":{"line":25,"column":15}},"5":{"start":{"line":28,"column":19},"end":{"line":30,"column":3}},"6":{"start":{"line":32,"column":25},"end":{"line":32,"column":131}},"7":{"start":{"line":34,"column":24},"end":{"line":36,"column":16}},"8":{"start":{"line":38,"column":2},"end":{"line":50,"column":4}}},"fnMap":{"0":{"name":"(anonymous_0)","decl":{"start":{"line":11,"column":15},"end":{"line":11,"column":16}},"loc":{"start":{"line":11,"column":20},"end":{"line":13,"column":2}},"line":11},"1":{"name":"(anonymous_1)","decl":{"start":{"line":15,"column":14},"end":{"line":15,"column":15}},"loc":{"start":{"line":15,"column":19},"end":{"line":17,"column":2}},"line":15},"2":{"name":"(anonymous_2)","decl":{"start":{"line":19,"column":14},"end":{"line":19,"column":15}},"loc":{"start":{"line":19,"column":19},"end":{"line":21,"column":2}},"line":19},"3":{"name":"(anonymous_3)","decl":{"start":{"line":23,"column":1},"end":{"line":23,"column":2}},"loc":{"start":{"line":23,"column":20},"end":{"line":51,"column":2}},"line":23}},"branchMap":{"0":{"loc":{"start":{"line":24,"column":2},"end":{"line":26,"column":3}},"type":"if","locations":[{"start":{"line":24,"column":2},"end":{"line":26,"column":3}},{"start":{"line":24,"column":2},"end":{"line":26,"column":3}}],"line":24},"1":{"loc":{"start":{"line":24,"column":6},"end":{"line":24,"column":45}},"type":"binary-expr","locations":[{"start":{"line":24,"column":6},"end":{"line":24,"column":26}},{"start":{"line":24,"column":30},"end":{"line":24,"column":45}}],"line":24},"2":{"loc":{"start":{"line":32,"column":25},"end":{"line":32,"column":131}},"type":"cond-expr","locations":[{"start":{"line":32,"column":47},"end":{"line":32,"column":83}},{"start":{"line":32,"column":86},"end":{"line":32,"column":131}}],"line":32},"3":{"loc":{"start":{"line":34,"column":24},"end":{"line":36,"column":16}},"type":"cond-expr","locations":[{"start":{"line":34,"column":43},"end":{"line":36,"column":8}},{"start":{"line":36,"column":12},"end":{"line":36,"column":16}}],"line":34}},"s":{"0":1,"1":0,"2":1,"3":19,"4":7,"5":12,"6":12,"7":12,"8":12},"f":{"0":1,"1":0,"2":1,"3":19},"b":{"0":[7,12],"1":[19,12],"2":[2,10],"3":[2,10]},"_coverageSchema":"332fd63041d2c1bcb487cc26dd0d5f7d97098a6c","hash":"331c7904da0bc6d5f52562877df4813003bd389b"}
,"/Users/apaa/Documents/Code/preact/my-project/src/routes/flowers/index.js": {"path":"/Users/apaa/Documents/Code/preact/my-project/src/routes/flowers/index.js","statementMap":{"0":{"start":{"line":14,"column":2},"end":{"line":14,"column":48}},"1":{"start":{"line":18,"column":2},"end":{"line":18,"column":35}},"2":{"start":{"line":23,"column":2},"end":{"line":30,"column":4}},"3":{"start":{"line":27,"column":36},"end":{"line":27,"column":96}}},"fnMap":{"0":{"name":"(anonymous_0)","decl":{"start":{"line":13,"column":15},"end":{"line":13,"column":16}},"loc":{"start":{"line":13,"column":20},"end":{"line":15,"column":2}},"line":13},"1":{"name":"(anonymous_1)","decl":{"start":{"line":17,"column":12},"end":{"line":17,"column":13}},"loc":{"start":{"line":17,"column":17},"end":{"line":19,"column":2}},"line":17},"2":{"name":"(anonymous_2)","decl":{"start":{"line":21,"column":1},"end":{"line":21,"column":2}},"loc":{"start":{"line":21,"column":10},"end":{"line":31,"column":2}},"line":21},"3":{"name":"(anonymous_3)","decl":{"start":{"line":27,"column":26},"end":{"line":27,"column":27}},"loc":{"start":{"line":27,"column":36},"end":{"line":27,"column":96}},"line":27}},"branchMap":{"0":{"loc":{"start":{"line":25,"column":5},"end":{"line":25,"column":103}},"type":"cond-expr","locations":[{"start":{"line":25,"column":25},"end":{"line":25,"column":96}},{"start":{"line":25,"column":99},"end":{"line":25,"column":103}}],"line":25}},"s":{"0":0,"1":0,"2":1,"3":7},"f":{"0":0,"1":0,"2":1,"3":7},"b":{"0":[0,1]},"_coverageSchema":"332fd63041d2c1bcb487cc26dd0d5f7d97098a6c","hash":"fed7072691bd460975f6a1493b1330e222821050"}
,"/Users/apaa/Documents/Code/preact/my-project/src/routes/prompt/index.js": {"path":"/Users/apaa/Documents/Code/preact/my-project/src/routes/prompt/index.js","statementMap":{"0":{"start":{"line":6,"column":2},"end":{"line":6,"column":31}},"1":{"start":{"line":11,"column":28},"end":{"line":11,"column":39}},"2":{"start":{"line":12,"column":20},"end":{"line":12,"column":29}},"3":{"start":{"line":15,"column":3},"end":{"line":27,"column":13}},"4":{"start":{"line":30,"column":2},"end":{"line":39,"column":4}}},"fnMap":{"0":{"name":"(anonymous_0)","decl":{"start":{"line":5,"column":12},"end":{"line":5,"column":13}},"loc":{"start":{"line":5,"column":17},"end":{"line":7,"column":2}},"line":5},"1":{"name":"(anonymous_1)","decl":{"start":{"line":9,"column":1},"end":{"line":9,"column":2}},"loc":{"start":{"line":9,"column":20},"end":{"line":40,"column":2}},"line":9}},"branchMap":{"0":{"loc":{"start":{"line":18,"column":5},"end":{"line":20,"column":40}},"type":"cond-expr","locations":[{"start":{"line":19,"column":8},"end":{"line":19,"column":48}},{"start":{"line":20,"column":8},"end":{"line":20,"column":40}}],"line":18}},"s":{"0":0,"1":0,"2":0,"3":0,"4":0},"f":{"0":0,"1":0},"b":{"0":[0,0]},"_coverageSchema":"332fd63041d2c1bcb487cc26dd0d5f7d97098a6c","hash":"cf48082e3a882a1b46f305146e25f36d91a04fda"}
}
