TN:
SF:/Users/apaa/Documents/Code/preact/my-project/src/components/header/index.js
FN:5,(anonymous_0)
FNF:1
FNH:1
FNDA:1,(anonymous_0)
DA:5,1
DA:6,1
LF:2
LH:2
BRF:0
BRH:0
end_of_record
TN:
SF:/Users/apaa/Documents/Code/preact/my-project/src/routes/flowers/flower.js
FN:11,(anonymous_0)
FN:15,(anonymous_1)
FN:19,(anonymous_2)
FN:23,(anonymous_3)
FNF:4
FNH:3
FNDA:1,(anonymous_0)
FNDA:0,(anonymous_1)
FNDA:1,(anonymous_2)
FNDA:19,(anonymous_3)
DA:12,1
DA:16,0
DA:20,1
DA:24,19
DA:25,7
DA:28,12
DA:32,12
DA:34,12
DA:38,12
LF:9
LH:8
BRDA:24,0,0,7
BRDA:24,0,1,12
BRDA:24,1,0,19
BRDA:24,1,1,12
BRDA:32,2,0,2
BRDA:32,2,1,10
BRDA:34,3,0,2
BRDA:34,3,1,10
BRF:8
BRH:8
end_of_record
TN:
SF:/Users/apaa/Documents/Code/preact/my-project/src/routes/flowers/index.js
FN:13,(anonymous_0)
FN:17,(anonymous_1)
FN:21,(anonymous_2)
FN:27,(anonymous_3)
FNF:4
FNH:2
FNDA:0,(anonymous_0)
FNDA:0,(anonymous_1)
FNDA:1,(anonymous_2)
FNDA:7,(anonymous_3)
DA:14,0
DA:18,0
DA:23,1
DA:27,7
LF:4
LH:2
BRDA:25,0,0,0
BRDA:25,0,1,1
BRF:2
BRH:1
end_of_record
TN:
SF:/Users/apaa/Documents/Code/preact/my-project/src/routes/prompt/index.js
FN:5,(anonymous_0)
FN:9,(anonymous_1)
FNF:2
FNH:0
FNDA:0,(anonymous_0)
FNDA:0,(anonymous_1)
DA:6,0
DA:11,0
DA:12,0
DA:15,0
DA:30,0
LF:5
LH:0
BRDA:18,0,0,0
BRDA:18,0,1,0
BRF:2
BRH:0
end_of_record
